Copied batch to /scratch-local/mvandenboom.6246332/batch4
LOCKED 58337224 pages (222G)
INFO:colabfold.mmseqs.search:Running mmseqs2/mmseqs/bin/mmseqs createdb /scratch-local/mvandenboom.6246332/output_batch4/query.fas /scratch-local/mvandenboom.6246332/output_batch4/qdb --shuffle 0
createdb /scratch-local/mvandenboom.6246332/output_batch4/query.fas /scratch-local/mvandenboom.6246332/output_batch4/qdb --shuffle 0 

Converting sequences
[=========
Time for merging to qdb_h: 0h 0m 0s 1ms
Time for merging to qdb: 0h 0m 0s 0ms
Database type: Aminoacid
Time for processing: 0h 0m 0s 131ms
INFO:colabfold.mmseqs.search:Running mmseqs2/mmseqs/bin/mmseqs search /scratch-local/mvandenboom.6246332/output_batch4/qdb /projects/2/managed_datasets/AlphaFold_mmseqs2/uniref30_2302_db /scratch-local/mvandenboom.6246332/output_batch4/res /scratch-local/mvandenboom.6246332/output_batch4/tmp --threads 64 --num-iterations 3 --db-load-mode 2 -a -e 0.1 --max-seqs 10000 --prefilter-mode 0 --k-score 'seq:96,prof:80'
Create directory /scratch-local/mvandenboom.6246332/output_batch4/tmp
search /scratch-local/mvandenboom.6246332/output_batch4/qdb /projects/2/managed_datasets/AlphaFold_mmseqs2/uniref30_2302_db /scratch-local/mvandenboom.6246332/output_batch4/res /scratch-local/mvandenboom.6246332/output_batch4/tmp --threads 64 --num-iterations 3 --db-load-mode 2 -a -e 0.1 --max-seqs 10000 --prefilter-mode 0 --k-score 'seq:96,prof:80' 

prefilter /scratch-local/mvandenboom.6246332/output_batch4/qdb /projects/2/managed_datasets/AlphaFold_mmseqs2/uniref30_2302_db.idx /scratch-local/mvandenboom.6246332/output_batch4/tmp/12192313284685259302/pref_0 --sub-mat 'aa:blosum62.out,nucl:nucleotide.out' --seed-sub-mat 'aa:VTML80.out,nucl:nucleotide.out' -s 5.7 -k 0 --target-search-mode 0 --k-score seq:2147483647,prof:2147483647 --alph-size aa:21,nucl:5 --max-seq-len 65535 --max-seqs 10000 --split 0 --split-mode 2 --split-memory-limit 0 -c 0 --cov-mode 0 --comp-bias-corr 1 --comp-bias-corr-scale 1 --diag-score 1 --exact-kmer-matching 0 --mask 1 --mask-prob 0.9 --mask-lower-case 0 --min-ungapped-score 15 --add-self-matches 0 --spaced-kmer-mode 1 --db-load-mode 2 --pca substitution:1.100,context:1.400 --pcb substitution:4.100,context:5.800 --threads 64 --compressed 0 -v 3 

Index version: 16
Generated by:  abab073141f0bba788aed068b376de99c4c3519a
ScoreMatrix:  VTML80.out
Query database size: 100000 type: Aminoacid
Target split mode. Searching through 2 splits
Estimated memory consumption: 94G
Target database size: 36293491 type: Aminoacid
Process prefiltering step 1 of 2

k-mer similarity threshold: 122
Starting prefiltering scores calculation (step 1 of 2)
Query db start 1 to 100000
Target db start 1 to 17831535
[=================================================================] 100.00K 2m 2s 128ms

4264.153345 k-mers per position
2147883 DB matches per sequence
0 overflows
5282 sequences passed prefiltering per query sequence
5282 median result list length
0 sequences with 0 size result lists
Time for merging to pref_0_tmp_0: 0h 0m 0s 137ms
Time for merging to pref_0_tmp_0_tmp: 0h 0m 17s 965ms
Process prefiltering step 2 of 2

k-mer similarity threshold: 122
Starting prefiltering scores calculation (step 2 of 2)
Query db start 1 to 100000
Target db start 17831536 to 36293491
[=================================================================] 100.00K 2m 3s 58ms

4264.153345 k-mers per position
2149225 DB matches per sequence
0 overflows
5282 sequences passed prefiltering per query sequence
5282 median result list length
0 sequences with 0 size result lists
Time for merging to pref_0_tmp_1: 0h 0m 0s 162ms
Time for merging to pref_0_tmp_1_tmp: 0h 0m 17s 610ms
Merging 2 target splits to pref_0
Preparing offsets for merging: 0h 0m 0s 72ms
[=================================================================] 100.00K 3m 1s 62ms
Time for merging to pref_0: 0h 0m 0s 94ms
Time for merging target splits: 0h 3m 5s 192ms
Time for merging to pref_0_tmp: 0h 0m 26s 403ms
Time for processing: 0h 12m 0s 193ms
align /scratch-local/mvandenboom.6246332/output_batch4/qdb /projects/2/managed_datasets/AlphaFold_mmseqs2/uniref30_2302_db.idx /scratch-local/mvandenboom.6246332/output_batch4/tmp/12192313284685259302/pref_0 /scratch-local/mvandenboom.6246332/output_batch4/tmp/12192313284685259302/aln_0 --sub-mat 'aa:blosum62.out,nucl:nucleotide.out' -a 1 --alignment-mode 2 --alignment-output-mode 0 --wrapped-scoring 0 -e 0.1 --min-seq-id 0 --min-aln-len 0 --seq-id-mode 0 --alt-ali 0 -c 0 --cov-mode 0 --max-seq-len 65535 --comp-bias-corr 1 --comp-bias-corr-scale 1 --max-rejected 2147483647 --max-accept 2147483647 --add-self-matches 0 --db-load-mode 2 --pca substitution:1.100,context:1.400 --pcb substitution:4.100,context:5.800 --score-bias 0 --realign 1 --realign-score-bias -0.2 --realign-max-seqs 2147483647 --corr-score-weight 0 --gap-open aa:11,nucl:5 --gap-extend aa:1,nucl:2 --zdrop 40 --threads 64 --compressed 0 -v 3 

Index version: 16
Generated by:  abab073141f0bba788aed068b376de99c4c3519a
ScoreMatrix:  VTML80.out
Compute score only
Query database size: 100000 type: Aminoacid
Target database size: 36293491 type: Aminoacid
Calculation of alignments
[=================================================================] 100.00K 11m 56s 0ms
Time for merging to aln_0: 0h 0m 0s 96ms
1056400000 alignments calculated
1379556 sequence pairs passed the thresholds (0.001306 of overall calculated)
13.795560 hits per query sequence
Time for processing: 0h 11m 59s 314ms
result2profile /scratch-local/mvandenboom.6246332/output_batch4/qdb /projects/2/managed_datasets/AlphaFold_mmseqs2/uniref30_2302_db.idx /scratch-local/mvandenboom.6246332/output_batch4/tmp/12192313284685259302/aln_0 /scratch-local/mvandenboom.6246332/output_batch4/tmp/12192313284685259302/profile_0 --sub-mat 'aa:blosum62.out,nucl:nucleotide.out' -e 0.1 --mask-profile 1 --e-profile 0.1 --comp-bias-corr 1 --comp-bias-corr-scale 1 --wg 0 --allow-deletion 0 --filter-msa 1 --filter-min-enable 0 --max-seq-id 0.9 --qid '0.0' --qsc -20 --cov 0 --diff 1000 --pseudo-cnt-mode 0 --pca substitution:1.100,context:1.400 --pcb substitution:4.100,context:5.800 --db-load-mode 2 --gap-open aa:11,nucl:5 --gap-extend aa:1,nucl:2 --threads 64 --compressed 0 -v 3 

Index version: 16
Generated by:  abab073141f0bba788aed068b376de99c4c3519a
ScoreMatrix:  VTML80.out
Query database size: 100000 type: Aminoacid
Target database size: 36293491 type: Aminoacid
[=================================================================] 100.00K 0s 980ms
Time for merging to profile_0: 0h 0m 1s 614ms
Time for processing: 0h 0m 3s 193ms
prefilter /scratch-local/mvandenboom.6246332/output_batch4/tmp/12192313284685259302/profile_0 /projects/2/managed_datasets/AlphaFold_mmseqs2/uniref30_2302_db.idx /scratch-local/mvandenboom.6246332/output_batch4/tmp/12192313284685259302/pref_tmp_1 --sub-mat 'aa:blosum62.out,nucl:nucleotide.out' --seed-sub-mat 'aa:VTML80.out,nucl:nucleotide.out' -s 5.7 -k 0 --target-search-mode 0 --k-score seq:2147483647,prof:2147483647 --alph-size aa:21,nucl:5 --max-seq-len 65535 --max-seqs 10000 --split 0 --split-mode 2 --split-memory-limit 0 -c 0 --cov-mode 0 --comp-bias-corr 1 --comp-bias-corr-scale 1 --diag-score 1 --exact-kmer-matching 0 --mask 1 --mask-prob 0.9 --mask-lower-case 0 --min-ungapped-score 15 --add-self-matches 0 --spaced-kmer-mode 1 --db-load-mode 2 --pca substitution:1.100,context:1.400 --pcb substitution:4.100,context:5.800 --threads 64 --compressed 0 -v 3 

Index version: 16
Generated by:  abab073141f0bba788aed068b376de99c4c3519a
ScoreMatrix:  VTML80.out
Query database size: 100000 type: Profile
Target split mode. Searching through 2 splits
Estimated memory consumption: 94G
Target database size: 36293491 type: Aminoacid
Process prefiltering step 1 of 2

k-mer similarity threshold: 110
Starting prefiltering scores calculation (step 1 of 2)
Query db start 1 to 100000
Target db start 1 to 17831535
[=================================================================] 100.00K 1m 59s 856ms

5282.392047 k-mers per position
1455061 DB matches per sequence
0 overflows
5282 sequences passed prefiltering per query sequence
5282 median result list length
0 sequences with 0 size result lists
Time for merging to pref_tmp_1_tmp_0: 0h 0m 0s 103ms
Time for merging to pref_tmp_1_tmp_0_tmp: 0h 0m 18s 638ms
Process prefiltering step 2 of 2

k-mer similarity threshold: 110
Starting prefiltering scores calculation (step 2 of 2)
Query db start 1 to 100000
Target db start 17831536 to 36293491
[=================================================================] 100.00K 1m 59s 263ms

5282.392047 k-mers per position
1456469 DB matches per sequence
0 overflows
5282 sequences passed prefiltering per query sequence
5282 median result list length
0 sequences with 0 size result lists
Time for merging to pref_tmp_1_tmp_1: 0h 0m 0s 64ms
Time for merging to pref_tmp_1_tmp_1_tmp: 0h 0m 18s 48ms
Merging 2 target splits to pref_tmp_1
Preparing offsets for merging: 0h 0m 0s 19ms
[=================================================================] 100.00K 3m 1s 608ms
Time for merging to pref_tmp_1: 0h 0m 0s 88ms
Time for merging target splits: 0h 3m 6s 208ms
Time for merging to pref_tmp_1_tmp: 0h 0m 28s 876ms
Time for processing: 0h 13m 17s 794ms
subtractdbs /scratch-local/mvandenboom.6246332/output_batch4/tmp/12192313284685259302/pref_tmp_1 /scratch-local/mvandenboom.6246332/output_batch4/tmp/12192313284685259302/aln_0 /scratch-local/mvandenboom.6246332/output_batch4/tmp/12192313284685259302/pref_1 --threads 64 --e-profile 0.1 -e 0.1 --compressed 0 -v 3 

subtractdbs /scratch-local/mvandenboom.6246332/output_batch4/tmp/12192313284685259302/pref_tmp_1 /scratch-local/mvandenboom.6246332/output_batch4/tmp/12192313284685259302/aln_0 /scratch-local/mvandenboom.6246332/output_batch4/tmp/12192313284685259302/pref_1 --threads 64 --e-profile 0.1 -e 0.1 --compressed 0 -v 3 

Remove /scratch-local/mvandenboom.6246332/output_batch4/tmp/12192313284685259302/aln_0 ids from /scratch-local/mvandenboom.6246332/output_batch4/tmp/12192313284685259302/pref_tmp_1
[=================================================================] 100.00K 1m 17s 207ms
Time for merging to pref_1: 0h 0m 0s 45ms
Time for processing: 0h 1m 22s 381ms
rmdb /scratch-local/mvandenboom.6246332/output_batch4/tmp/12192313284685259302/pref_tmp_1 

Time for processing: 0h 0m 1s 41ms
align /scratch-local/mvandenboom.6246332/output_batch4/tmp/12192313284685259302/profile_0 /projects/2/managed_datasets/AlphaFold_mmseqs2/uniref30_2302_db.idx /scratch-local/mvandenboom.6246332/output_batch4/tmp/12192313284685259302/pref_1 /scratch-local/mvandenboom.6246332/output_batch4/tmp/12192313284685259302/aln_tmp_1 --sub-mat 'aa:blosum62.out,nucl:nucleotide.out' -a 1 --alignment-mode 2 --alignment-output-mode 0 --wrapped-scoring 0 -e 0.1 --min-seq-id 0 --min-aln-len 0 --seq-id-mode 0 --alt-ali 0 -c 0 --cov-mode 0 --max-seq-len 65535 --comp-bias-corr 1 --comp-bias-corr-scale 1 --max-rejected 2147483647 --max-accept 2147483647 --add-self-matches 0 --db-load-mode 2 --pca substitution:1.100,context:1.400 --pcb substitution:4.100,context:5.800 --score-bias 0 --realign 0 --realign-score-bias -0.2 --realign-max-seqs 2147483647 --corr-score-weight 0 --gap-open aa:11,nucl:5 --gap-extend aa:1,nucl:2 --zdrop 40 --threads 64 --compressed 0 -v 3 

Index version: 16
Generated by:  abab073141f0bba788aed068b376de99c4c3519a
ScoreMatrix:  VTML80.out
Compute score, coverage and sequence identity
Query database size: 100000 type: Profile
Target database size: 36293491 type: Aminoacid
Calculation of alignments
[=================================================================] 100.00K 11m 33s 413ms
Time for merging to aln_tmp_1: 0h 0m 0s 131ms
1055020445 alignments calculated
1508584 sequence pairs passed the thresholds (0.001430 of overall calculated)
15.085840 hits per query sequence
Time for processing: 0h 11m 38s 9ms
mergedbs /scratch-local/mvandenboom.6246332/output_batch4/tmp/12192313284685259302/profile_0 /scratch-local/mvandenboom.6246332/output_batch4/tmp/12192313284685259302/aln_1 /scratch-local/mvandenboom.6246332/output_batch4/tmp/12192313284685259302/aln_0 /scratch-local/mvandenboom.6246332/output_batch4/tmp/12192313284685259302/aln_tmp_1 

Merging the results to /scratch-local/mvandenboom.6246332/output_batch4/tmp/12192313284685259302/aln_1
[=================================================================] 100.00K 0s 469ms
Time for merging to aln_1: 0h 0m 0s 12ms
Time for processing: 0h 0m 0s 525ms
rmdb /scratch-local/mvandenboom.6246332/output_batch4/tmp/12192313284685259302/aln_0 

Time for processing: 0h 0m 1s 689ms
rmdb /scratch-local/mvandenboom.6246332/output_batch4/tmp/12192313284685259302/aln_tmp_1 

Time for processing: 0h 0m 0s 10ms
result2profile /scratch-local/mvandenboom.6246332/output_batch4/tmp/12192313284685259302/profile_0 /projects/2/managed_datasets/AlphaFold_mmseqs2/uniref30_2302_db.idx /scratch-local/mvandenboom.6246332/output_batch4/tmp/12192313284685259302/aln_1 /scratch-local/mvandenboom.6246332/output_batch4/tmp/12192313284685259302/profile_1 --sub-mat 'aa:blosum62.out,nucl:nucleotide.out' -e 0.1 --mask-profile 1 --e-profile 0.1 --comp-bias-corr 1 --comp-bias-corr-scale 1 --wg 0 --allow-deletion 0 --filter-msa 1 --filter-min-enable 0 --max-seq-id 0.9 --qid '0.0' --qsc -20 --cov 0 --diff 1000 --pseudo-cnt-mode 0 --pca substitution:1.100,context:1.400 --pcb substitution:4.100,context:5.800 --db-load-mode 2 --gap-open aa:11,nucl:5 --gap-extend aa:1,nucl:2 --threads 64 --compressed 0 -v 3 

Index version: 16
Generated by:  abab073141f0bba788aed068b376de99c4c3519a
ScoreMatrix:  VTML80.out
Query database size: 100000 type: Profile
Target database size: 36293491 type: Aminoacid
[=================================================================] 100.00K 1s 390ms
Time for merging to profile_1: 0h 0m 0s 358ms
Time for processing: 0h 0m 2s 412ms
prefilter /scratch-local/mvandenboom.6246332/output_batch4/tmp/12192313284685259302/profile_1 /projects/2/managed_datasets/AlphaFold_mmseqs2/uniref30_2302_db.idx /scratch-local/mvandenboom.6246332/output_batch4/tmp/12192313284685259302/pref_tmp_2 --sub-mat 'aa:blosum62.out,nucl:nucleotide.out' --seed-sub-mat 'aa:VTML80.out,nucl:nucleotide.out' -s 5.7 -k 0 --target-search-mode 0 --k-score seq:2147483647,prof:2147483647 --alph-size aa:21,nucl:5 --max-seq-len 65535 --max-seqs 10000 --split 0 --split-mode 2 --split-memory-limit 0 -c 0 --cov-mode 0 --comp-bias-corr 1 --comp-bias-corr-scale 1 --diag-score 1 --exact-kmer-matching 0 --mask 1 --mask-prob 0.9 --mask-lower-case 0 --min-ungapped-score 15 --add-self-matches 0 --spaced-kmer-mode 1 --db-load-mode 2 --pca substitution:1.100,context:1.400 --pcb substitution:4.100,context:5.800 --threads 64 --compressed 0 -v 3 

Index version: 16
Generated by:  abab073141f0bba788aed068b376de99c4c3519a
ScoreMatrix:  VTML80.out
Query database size: 100000 type: Profile
Target split mode. Searching through 2 splits
Estimated memory consumption: 94G
Target database size: 36293491 type: Aminoacid
Process prefiltering step 1 of 2

k-mer similarity threshold: 110
Starting prefiltering scores calculation (step 1 of 2)
Query db start 1 to 100000
Target db start 1 to 17831535
[=================================================================] 100.00K 2m 11s 640ms

5813.527782 k-mers per position
1374067 DB matches per sequence
0 overflows
5282 sequences passed prefiltering per query sequence
5282 median result list length
0 sequences with 0 size result lists
Time for merging to pref_tmp_2_tmp_0: 0h 0m 0s 106ms
Time for merging to pref_tmp_2_tmp_0_tmp: 0h 0m 17s 650ms
Process prefiltering step 2 of 2

k-mer similarity threshold: 110
Starting prefiltering scores calculation (step 2 of 2)
Query db start 1 to 100000
Target db start 17831536 to 36293491
[=================================================================] 100.00K 2m 11s 377ms

5813.527782 k-mers per position
1375736 DB matches per sequence
0 overflows
5282 sequences passed prefiltering per query sequence
5282 median result list length
0 sequences with 0 size result lists
Time for merging to pref_tmp_2_tmp_1: 0h 0m 0s 126ms
Time for merging to pref_tmp_2_tmp_1_tmp: 0h 0m 18s 401ms
Merging 2 target splits to pref_tmp_2
Preparing offsets for merging: 0h 0m 0s 45ms
[=================================================================] 100.00K 3m 14s 949ms
Time for merging to pref_tmp_2: 0h 0m 0s 55ms
Time for merging target splits: 0h 3m 19s 364ms
Time for merging to pref_tmp_2_tmp: 0h 0m 24s 431ms
Time for processing: 0h 13m 2s 936ms
subtractdbs /scratch-local/mvandenboom.6246332/output_batch4/tmp/12192313284685259302/pref_tmp_2 /scratch-local/mvandenboom.6246332/output_batch4/tmp/12192313284685259302/aln_1 /scratch-local/mvandenboom.6246332/output_batch4/tmp/12192313284685259302/pref_2 --threads 64 --e-profile 0.1 -e 0.1 --compressed 0 -v 3 

subtractdbs /scratch-local/mvandenboom.6246332/output_batch4/tmp/12192313284685259302/pref_tmp_2 /scratch-local/mvandenboom.6246332/output_batch4/tmp/12192313284685259302/aln_1 /scratch-local/mvandenboom.6246332/output_batch4/tmp/12192313284685259302/pref_2 --threads 64 --e-profile 0.1 -e 0.1 --compressed 0 -v 3 

Remove /scratch-local/mvandenboom.6246332/output_batch4/tmp/12192313284685259302/aln_1 ids from /scratch-local/mvandenboom.6246332/output_batch4/tmp/12192313284685259302/pref_tmp_2
[=================================================================] 100.00K 1m 15s 439ms
Time for merging to pref_2: 0h 0m 0s 96ms
Time for processing: 0h 1m 20s 527ms
rmdb /scratch-local/mvandenboom.6246332/output_batch4/tmp/12192313284685259302/pref_tmp_2 

Time for processing: 0h 0m 1s 65ms
align /scratch-local/mvandenboom.6246332/output_batch4/tmp/12192313284685259302/profile_1 /projects/2/managed_datasets/AlphaFold_mmseqs2/uniref30_2302_db.idx /scratch-local/mvandenboom.6246332/output_batch4/tmp/12192313284685259302/pref_2 /scratch-local/mvandenboom.6246332/output_batch4/tmp/12192313284685259302/aln_tmp_2 --sub-mat 'aa:blosum62.out,nucl:nucleotide.out' -a 1 --alignment-mode 2 --alignment-output-mode 0 --wrapped-scoring 0 -e 0.1 --min-seq-id 0 --min-aln-len 0 --seq-id-mode 0 --alt-ali 0 -c 0 --cov-mode 0 --max-seq-len 65535 --comp-bias-corr 1 --comp-bias-corr-scale 1 --max-rejected 2147483647 --max-accept 2147483647 --add-self-matches 0 --db-load-mode 2 --pca substitution:1.100,context:1.400 --pcb substitution:4.100,context:5.800 --score-bias 0 --realign 0 --realign-score-bias -0.2 --realign-max-seqs 2147483647 --corr-score-weight 0 --gap-open aa:11,nucl:5 --gap-extend aa:1,nucl:2 --zdrop 40 --threads 64 --compressed 0 -v 3 

Index version: 16
Generated by:  abab073141f0bba788aed068b376de99c4c3519a
ScoreMatrix:  VTML80.out
Compute score, coverage and sequence identity
Query database size: 100000 type: Profile
Target database size: 36293491 type: Aminoacid
Calculation of alignments
[=================================================================] 100.00K 10m 25s 683ms
Time for merging to aln_tmp_2: 0h 0m 0s 61ms
1053511937 alignments calculated
214702 sequence pairs passed the thresholds (0.000204 of overall calculated)
2.147020 hits per query sequence
Time for processing: 0h 10m 29s 872ms
mergedbs /scratch-local/mvandenboom.6246332/output_batch4/tmp/12192313284685259302/profile_1 /scratch-local/mvandenboom.6246332/output_batch4/res /scratch-local/mvandenboom.6246332/output_batch4/tmp/12192313284685259302/aln_1 /scratch-local/mvandenboom.6246332/output_batch4/tmp/12192313284685259302/aln_tmp_2 

Merging the results to /scratch-local/mvandenboom.6246332/output_batch4/res
[=================================================================] 100.00K 0s 270ms
Time for merging to res: 0h 0m 0s 13ms
Time for processing: 0h 0m 1s 680ms
rmdb /scratch-local/mvandenboom.6246332/output_batch4/tmp/12192313284685259302/aln_1 

Time for processing: 0h 0m 0s 12ms
rmdb /scratch-local/mvandenboom.6246332/output_batch4/tmp/12192313284685259302/aln_tmp_2 

Time for processing: 0h 0m 0s 5ms
INFO:colabfold.mmseqs.search:Running mmseqs2/mmseqs/bin/mmseqs mvdb /scratch-local/mvandenboom.6246332/output_batch4/tmp/latest/profile_1 /scratch-local/mvandenboom.6246332/output_batch4/prof_res
mvdb /scratch-local/mvandenboom.6246332/output_batch4/tmp/latest/profile_1 /scratch-local/mvandenboom.6246332/output_batch4/prof_res 

Time for processing: 0h 0m 0s 0ms
INFO:colabfold.mmseqs.search:Running mmseqs2/mmseqs/bin/mmseqs lndb /scratch-local/mvandenboom.6246332/output_batch4/qdb_h /scratch-local/mvandenboom.6246332/output_batch4/prof_res_h
lndb /scratch-local/mvandenboom.6246332/output_batch4/qdb_h /scratch-local/mvandenboom.6246332/output_batch4/prof_res_h 

Time for processing: 0h 0m 0s 0ms
INFO:colabfold.mmseqs.search:Running mmseqs2/mmseqs/bin/mmseqs expandaln /scratch-local/mvandenboom.6246332/output_batch4/qdb /projects/2/managed_datasets/AlphaFold_mmseqs2/uniref30_2302_db.idx /scratch-local/mvandenboom.6246332/output_batch4/res /projects/2/managed_datasets/AlphaFold_mmseqs2/uniref30_2302_db.idx /scratch-local/mvandenboom.6246332/output_batch4/res_exp --db-load-mode 2 --threads 64 --expansion-mode 0 -e inf --expand-filter-clusters 1 --max-seq-id 0.95
expandaln /scratch-local/mvandenboom.6246332/output_batch4/qdb /projects/2/managed_datasets/AlphaFold_mmseqs2/uniref30_2302_db.idx /scratch-local/mvandenboom.6246332/output_batch4/res /projects/2/managed_datasets/AlphaFold_mmseqs2/uniref30_2302_db.idx /scratch-local/mvandenboom.6246332/output_batch4/res_exp --db-load-mode 2 --threads 64 --expansion-mode 0 -e inf --expand-filter-clusters 1 --max-seq-id 0.95 

Index version: 16
Generated by:  abab073141f0bba788aed068b376de99c4c3519a
ScoreMatrix:  VTML80.out
Index version: 16
Generated by:  abab073141f0bba788aed068b376de99c4c3519a
ScoreMatrix:  VTML80.out
[=================================================================] 100.00K 1m 58s 208ms
Time for merging to res_exp: 0h 0m 0s 137ms
Time for processing: 0h 1m 59s 895ms
INFO:colabfold.mmseqs.search:Running mmseqs2/mmseqs/bin/mmseqs align /scratch-local/mvandenboom.6246332/output_batch4/prof_res /projects/2/managed_datasets/AlphaFold_mmseqs2/uniref30_2302_db.idx /scratch-local/mvandenboom.6246332/output_batch4/res_exp /scratch-local/mvandenboom.6246332/output_batch4/res_exp_realign --db-load-mode 2 -e 10 --max-accept 100000 --threads 64 --alt-ali 10 -a
align /scratch-local/mvandenboom.6246332/output_batch4/prof_res /projects/2/managed_datasets/AlphaFold_mmseqs2/uniref30_2302_db.idx /scratch-local/mvandenboom.6246332/output_batch4/res_exp /scratch-local/mvandenboom.6246332/output_batch4/res_exp_realign --db-load-mode 2 -e 10 --max-accept 100000 --threads 64 --alt-ali 10 -a 

Index version: 16
Generated by:  abab073141f0bba788aed068b376de99c4c3519a
ScoreMatrix:  VTML80.out
Compute score, coverage and sequence identity
Query database size: 100000 type: Profile
Target database size: 350950053 type: Aminoacid
Calculation of alignments
[=================================================================] 100.00K 56s 282ms
Time for merging to res_exp_realign: 0h 0m 0s 62ms
18707227 alignments calculated
18707082 sequence pairs passed the thresholds (0.999992 of overall calculated)
187.070816 hits per query sequence
Time for processing: 0h 0m 57s 309ms
INFO:colabfold.mmseqs.search:Running mmseqs2/mmseqs/bin/mmseqs filterresult /scratch-local/mvandenboom.6246332/output_batch4/qdb /projects/2/managed_datasets/AlphaFold_mmseqs2/uniref30_2302_db.idx /scratch-local/mvandenboom.6246332/output_batch4/res_exp_realign /scratch-local/mvandenboom.6246332/output_batch4/res_exp_realign_filter --db-load-mode 2 --qid 0 --qsc 0.8 --diff 0 --threads 64 --max-seq-id 1.0 --filter-min-enable 100
filterresult /scratch-local/mvandenboom.6246332/output_batch4/qdb /projects/2/managed_datasets/AlphaFold_mmseqs2/uniref30_2302_db.idx /scratch-local/mvandenboom.6246332/output_batch4/res_exp_realign /scratch-local/mvandenboom.6246332/output_batch4/res_exp_realign_filter --db-load-mode 2 --qid 0 --qsc 0.8 --diff 0 --threads 64 --max-seq-id 1.0 --filter-min-enable 100 

Index version: 16
Generated by:  abab073141f0bba788aed068b376de99c4c3519a
ScoreMatrix:  VTML80.out
Query database size: 100000 type: Aminoacid
Target database size: 350950053 type: Aminoacid
[=================================================================] 100.00K 2s 523ms
Time for merging to res_exp_realign_filter: 0h 0m 0s 52ms
Time for processing: 0h 0m 5s 940ms
INFO:colabfold.mmseqs.search:Running mmseqs2/mmseqs/bin/mmseqs result2msa /scratch-local/mvandenboom.6246332/output_batch4/qdb /projects/2/managed_datasets/AlphaFold_mmseqs2/uniref30_2302_db.idx /scratch-local/mvandenboom.6246332/output_batch4/res_exp_realign_filter /scratch-local/mvandenboom.6246332/output_batch4/uniref.a3m --msa-format-mode 6 --db-load-mode 2 --threads 64 --filter-msa 1 --filter-min-enable 1000 --diff 3000 --qid 0.0,0.2,0.4,0.6,0.8,1.0 --qsc 0 --max-seq-id 0.95
result2msa /scratch-local/mvandenboom.6246332/output_batch4/qdb /projects/2/managed_datasets/AlphaFold_mmseqs2/uniref30_2302_db.idx /scratch-local/mvandenboom.6246332/output_batch4/res_exp_realign_filter /scratch-local/mvandenboom.6246332/output_batch4/uniref.a3m --msa-format-mode 6 --db-load-mode 2 --threads 64 --filter-msa 1 --filter-min-enable 1000 --diff 3000 --qid 0.0,0.2,0.4,0.6,0.8,1.0 --qsc 0 --max-seq-id 0.95 

Index version: 16
Generated by:  abab073141f0bba788aed068b376de99c4c3519a
ScoreMatrix:  VTML80.out
Index version: 16
Generated by:  abab073141f0bba788aed068b376de99c4c3519a
ScoreMatrix:  VTML80.out
Query database size: 100000 type: Aminoacid
Target database size: 350950053 type: Aminoacid
[=================================================================] 100.00K 2s 656ms
Time for merging to uniref.a3m: 0h 0m 3s 686ms
Time for processing: 0h 0m 8s 820ms
rmdb /scratch-local/mvandenboom.6246332/output_batch4/res_exp_realign 

Time for processing: 0h 0m 0s 78ms
rmdb /scratch-local/mvandenboom.6246332/output_batch4/res_exp 

Time for processing: 0h 0m 0s 103ms
rmdb /scratch-local/mvandenboom.6246332/output_batch4/res 

Time for processing: 0h 0m 0s 17ms
rmdb /scratch-local/mvandenboom.6246332/output_batch4/res_exp_realign_filter 

Time for processing: 0h 0m 0s 47ms
INFO:colabfold.mmseqs.search:Running mmseqs2/mmseqs/bin/mmseqs mvdb /scratch-local/mvandenboom.6246332/output_batch4/uniref.a3m /scratch-local/mvandenboom.6246332/output_batch4/final.a3m
mvdb /scratch-local/mvandenboom.6246332/output_batch4/uniref.a3m /scratch-local/mvandenboom.6246332/output_batch4/final.a3m 

Time for processing: 0h 0m 0s 1ms
INFO:colabfold.mmseqs.search:Running mmseqs2/mmseqs/bin/mmseqs unpackdb /scratch-local/mvandenboom.6246332/output_batch4/final.a3m /scratch-local/mvandenboom.6246332/output_batch4 --unpack-name-mode 0 --unpack-suffix .a3m
unpackdb /scratch-local/mvandenboom.6246332/output_batch4/final.a3m /scratch-local/mvandenboom.6246332/output_batch4 --unpack-name-mode 0 --unpack-suffix .a3m 

[=========================